<?xml version="1.0" encoding="UTF-8"?>
<!-- Generated by org.testng.reporters.JUnitXMLReporter -->
<testsuite hostname="LAPTOP-DF54HNHO" ignored="0" name="LoginTest" tests="3" failures="2" timestamp="29 Oct 2017 23:06:09 GMT" time="49.467" errors="0">
  <testcase name="testloginsuccessful" time="1.027" classname="com.office.RTD_MYRIDE.tests.LoginTest"/>
  <testcase name="testloginsuccessful" time="15.451" classname="com.office.RTD_MYRIDE.tests.LoginTest">
    <failure type="java.lang.AssertionError" message="login is failed for jsr@yahoo.com expected [true] but found [false]">
      <![CDATA[java.lang.AssertionError: login is failed for jsr@yahoo.com expected [true] but found [false]
	at com.office.RTD_MYRIDE.tests.LoginTest.testloginsuccessful(LoginTest.java:23)
... Removed 28 stack frames]]>
    </failure>
  </testcase> <!-- testloginsuccessful -->
  <testcase name="testloginsuccessful" time="15.495" classname="com.office.RTD_MYRIDE.tests.LoginTest">
    <failure type="java.lang.AssertionError" message="login is failed for abc@yahoo.com expected [true] but found [false]">
      <![CDATA[java.lang.AssertionError: login is failed for abc@yahoo.com expected [true] but found [false]
	at com.office.RTD_MYRIDE.tests.LoginTest.testloginsuccessful(LoginTest.java:23)
... Removed 28 stack frames]]>
    </failure>
  </testcase> <!-- testloginsuccessful -->
</testsuite> <!-- LoginTest -->
